<project name="codeScanProject_java" default="pmd" basedir=".">
    <description>PMD code scan for java
    </description>

    <property file="pmd.properties"/>

    <path id="lib.path.ref">
        <fileset dir="./lib" includes="*.jar"/>
    </path>

    <target name="pmd">
        <taskdef name="pmd" classpathref="lib.path.ref" classname="net.sourceforge.pmd.ant.PMDTask"/>
        <pmd shortFilenames="true">
            <sourceLanguage name="java" version="1.6"/>
            <ruleset>${rulesets.java}</ruleset>
            <!-- <ruleset>java-basic</ruleset> -->
            <formatter type="html" toFile="${out.file.java}">
                <param name="linkPrefix" value="http://pmd.sourceforge.net/xref/"/>
            </formatter>
            <fileset dir="${src.folder.java}">
                <include name="*.java"/>
            </fileset>

        </pmd>
    </target>
</project>
