<?xml version="1.0" encoding="UTF-8"?>
<testsuite name="net.sourceforge.pmd.lang.apex.rule.complexity.ComplexityRulesTest" time="0.227" tests="50" errors="0" skipped="0" failures="0">
  <properties>
    <property name="java.runtime.name" value="Java(TM) SE Runtime Environment"/>
    <property name="sun.boot.library.path" value="/Library/Java/JavaVirtualMachines/jdk1.8.0_111.jdk/Contents/Home/jre/lib"/>
    <property name="java.vm.version" value="25.111-b14"/>
    <property name="gopherProxySet" value="false"/>
    <property name="java.vm.vendor" value="Oracle Corporation"/>
    <property name="maven.multiModuleProjectDirectory" value="/Users/mchinnappan/code-scan-tools/pmd/src/pmd-master"/>
    <property name="java.vendor.url" value="http://java.oracle.com/"/>
    <property name="path.separator" value=":"/>
    <property name="guice.disable.misplaced.annotation.check" value="true"/>
    <property name="java.vm.name" value="Java HotSpot(TM) 64-Bit Server VM"/>
    <property name="file.encoding.pkg" value="sun.io"/>
    <property name="user.country" value="US"/>
    <property name="sun.java.launcher" value="SUN_STANDARD"/>
    <property name="sun.os.patch.level" value="unknown"/>
    <property name="java.vm.specification.name" value="Java Virtual Machine Specification"/>
    <property name="user.dir" value="/Users/mchinnappan/code-scan-tools/pmd/src/pmd-master"/>
    <property name="java.runtime.version" value="1.8.0_111-b14"/>
    <property name="java.awt.graphicsenv" value="sun.awt.CGraphicsEnvironment"/>
    <property name="java.endorsed.dirs" value="/Library/Java/JavaVirtualMachines/jdk1.8.0_111.jdk/Contents/Home/jre/lib/endorsed"/>
    <property name="os.arch" value="x86_64"/>
    <property name="java.io.tmpdir" value="/var/folders/k0/cdwjm16d2vx037lf06ch8fqr81jqk6/T/"/>
    <property name="line.separator" value="&#10;"/>
    <property name="java.vm.specification.vendor" value="Oracle Corporation"/>
    <property name="os.name" value="Mac OS X"/>
    <property name="classworlds.conf" value="/usr/local/Cellar/maven/3.3.9/libexec/bin/m2.conf"/>
    <property name="sun.jnu.encoding" value="UTF-8"/>
    <property name="java.library.path" value="/Users/mchinnappan/Library/Java/Extensions:/Library/Java/Extensions:/Network/Library/Java/Extensions:/System/Library/Java/Extensions:/usr/lib/java:."/>
    <property name="java.specification.name" value="Java Platform API Specification"/>
    <property name="java.class.version" value="52.0"/>
    <property name="sun.management.compiler" value="HotSpot 64-Bit Tiered Compilers"/>
    <property name="os.version" value="10.11.6"/>
    <property name="user.home" value="/Users/mchinnappan"/>
    <property name="user.timezone" value="America/New_York"/>
    <property name="java.awt.printerjob" value="sun.lwawt.macosx.CPrinterJob"/>
    <property name="java.specification.version" value="1.8"/>
    <property name="file.encoding" value="UTF-8"/>
    <property name="user.name" value="mchinnappan"/>
    <property name="java.class.path" value="/usr/local/Cellar/maven/3.3.9/libexec/boot/plexus-classworlds-2.5.2.jar"/>
    <property name="java.vm.specification.version" value="1.8"/>
    <property name="sun.arch.data.model" value="64"/>
    <property name="java.home" value="/Library/Java/JavaVirtualMachines/jdk1.8.0_111.jdk/Contents/Home/jre"/>
    <property name="sun.java.command" value="org.codehaus.plexus.classworlds.launcher.Launcher clean verify"/>
    <property name="java.specification.vendor" value="Oracle Corporation"/>
    <property name="user.language" value="en"/>
    <property name="awt.toolkit" value="sun.lwawt.macosx.LWCToolkit"/>
    <property name="java.vm.info" value="mixed mode"/>
    <property name="java.version" value="1.8.0_111"/>
    <property name="java.ext.dirs" value="/Users/mchinnappan/Library/Java/Extensions:/Library/Java/JavaVirtualMachines/jdk1.8.0_111.jdk/Contents/Home/jre/lib/ext:/Library/Java/Extensions:/Network/Library/Java/Extensions:/System/Library/Java/Extensions:/usr/lib/java"/>
    <property name="sun.boot.class.path" value="/Library/Java/JavaVirtualMachines/jdk1.8.0_111.jdk/Contents/Home/jre/lib/resources.jar:/Library/Java/JavaVirtualMachines/jdk1.8.0_111.jdk/Contents/Home/jre/lib/rt.jar:/Library/Java/JavaVirtualMachines/jdk1.8.0_111.jdk/Contents/Home/jre/lib/sunrsasign.jar:/Library/Java/JavaVirtualMachines/jdk1.8.0_111.jdk/Contents/Home/jre/lib/jsse.jar:/Library/Java/JavaVirtualMachines/jdk1.8.0_111.jdk/Contents/Home/jre/lib/jce.jar:/Library/Java/JavaVirtualMachines/jdk1.8.0_111.jdk/Contents/Home/jre/lib/charsets.jar:/Library/Java/JavaVirtualMachines/jdk1.8.0_111.jdk/Contents/Home/jre/lib/jfr.jar:/Library/Java/JavaVirtualMachines/jdk1.8.0_111.jdk/Contents/Home/jre/classes"/>
    <property name="java.vendor" value="Oracle Corporation"/>
    <property name="maven.home" value="/usr/local/Cellar/maven/3.3.9/libexec"/>
    <property name="file.separator" value="/"/>
    <property name="java.vendor.url.bug" value="http://bugreport.sun.com/bugreport/"/>
    <property name="sun.cpu.endian" value="little"/>
    <property name="sun.io.unicode.encoding" value="UnicodeBig"/>
    <property name="sun.cpu.isalist" value=""/>
  </properties>
  <testcase name="AvoidDeeplyNestedIfStmts::0 Bad, very deep" classname="net.sourceforge.pmd.lang.apex.rule.complexity.ComplexityRulesTest" time="0.004"/>
  <testcase name="AvoidDeeplyNestedIfStmts::1 OK, not so deep" classname="net.sourceforge.pmd.lang.apex.rule.complexity.ComplexityRulesTest" time="0.003"/>
  <testcase name="AvoidDeeplyNestedIfStmts::2 Bad, many deep ifs" classname="net.sourceforge.pmd.lang.apex.rule.complexity.ComplexityRulesTest" time="0.007"/>
  <testcase name="ExcessiveClassLength::0 short" classname="net.sourceforge.pmd.lang.apex.rule.complexity.ComplexityRulesTest" time="0.007"/>
  <testcase name="ExcessiveClassLength::1 long" classname="net.sourceforge.pmd.lang.apex.rule.complexity.ComplexityRulesTest" time="0.006"/>
  <testcase name="ExcessiveClassLength::2 long class - changed minimum" classname="net.sourceforge.pmd.lang.apex.rule.complexity.ComplexityRulesTest" time="0.003"/>
  <testcase name="ExcessiveClassLength::3 ignore test classes" classname="net.sourceforge.pmd.lang.apex.rule.complexity.ComplexityRulesTest" time="0.003"/>
  <testcase name="ExcessiveParameterList::0 short" classname="net.sourceforge.pmd.lang.apex.rule.complexity.ComplexityRulesTest" time="0.002"/>
  <testcase name="ExcessiveParameterList::1 long" classname="net.sourceforge.pmd.lang.apex.rule.complexity.ComplexityRulesTest" time="0.003"/>
  <testcase name="ExcessivePublicCount::0 Few public fields" classname="net.sourceforge.pmd.lang.apex.rule.complexity.ComplexityRulesTest" time="0.003"/>
  <testcase name="ExcessivePublicCount::1 Too many public fields" classname="net.sourceforge.pmd.lang.apex.rule.complexity.ComplexityRulesTest" time="0.003"/>
  <testcase name="ExcessivePublicCount::2 Static final" classname="net.sourceforge.pmd.lang.apex.rule.complexity.ComplexityRulesTest" time="0.003"/>
  <testcase name="ExcessivePublicCount::3 Some public methods" classname="net.sourceforge.pmd.lang.apex.rule.complexity.ComplexityRulesTest" time="0.002"/>
  <testcase name="ExcessivePublicCount::4 Reduced minimum" classname="net.sourceforge.pmd.lang.apex.rule.complexity.ComplexityRulesTest" time="0.003"/>
  <testcase name="ExcessivePublicCount::5 Private fields" classname="net.sourceforge.pmd.lang.apex.rule.complexity.ComplexityRulesTest" time="0.003"/>
  <testcase name="ExcessivePublicCount::6 Private methods" classname="net.sourceforge.pmd.lang.apex.rule.complexity.ComplexityRulesTest" time="0.004"/>
  <testcase name="NcssConstructorCount::0 short" classname="net.sourceforge.pmd.lang.apex.rule.complexity.ComplexityRulesTest" time="0.004"/>
  <testcase name="NcssConstructorCount::1 lots of comments" classname="net.sourceforge.pmd.lang.apex.rule.complexity.ComplexityRulesTest" time="0.004"/>
  <testcase name="NcssConstructorCount::2 long constructor" classname="net.sourceforge.pmd.lang.apex.rule.complexity.ComplexityRulesTest" time="0.006"/>
  <testcase name="NcssConstructorCount::3 long method - changed minimum" classname="net.sourceforge.pmd.lang.apex.rule.complexity.ComplexityRulesTest" time="0.002"/>
  <testcase name="NcssConstructorCount::4 ignore non-constructor methods" classname="net.sourceforge.pmd.lang.apex.rule.complexity.ComplexityRulesTest" time="0.004"/>
  <testcase name="NcssMethodCount::0 short" classname="net.sourceforge.pmd.lang.apex.rule.complexity.ComplexityRulesTest" time="0.002"/>
  <testcase name="NcssMethodCount::1 lots of comments" classname="net.sourceforge.pmd.lang.apex.rule.complexity.ComplexityRulesTest" time="0.003"/>
  <testcase name="NcssMethodCount::2 long method" classname="net.sourceforge.pmd.lang.apex.rule.complexity.ComplexityRulesTest" time="0.003"/>
  <testcase name="NcssMethodCount::3 long method - changed minimum" classname="net.sourceforge.pmd.lang.apex.rule.complexity.ComplexityRulesTest" time="0.004"/>
  <testcase name="NcssMethodCount::4 ignores constructor" classname="net.sourceforge.pmd.lang.apex.rule.complexity.ComplexityRulesTest" time="0.003"/>
  <testcase name="NcssMethodCount::5 Github issue #183 - lines are counted properly" classname="net.sourceforge.pmd.lang.apex.rule.complexity.ComplexityRulesTest" time="0.005"/>
  <testcase name="NcssTypeCount::0 short" classname="net.sourceforge.pmd.lang.apex.rule.complexity.ComplexityRulesTest" time="0.004"/>
  <testcase name="NcssTypeCount::1 lots of comments" classname="net.sourceforge.pmd.lang.apex.rule.complexity.ComplexityRulesTest" time="0.002"/>
  <testcase name="NcssTypeCount::2 long method" classname="net.sourceforge.pmd.lang.apex.rule.complexity.ComplexityRulesTest" time="0.004"/>
  <testcase name="NcssTypeCount::3 long method - changed minimum" classname="net.sourceforge.pmd.lang.apex.rule.complexity.ComplexityRulesTest" time="0.005"/>
  <testcase name="StdCyclomaticComplexity::0 Simple method" classname="net.sourceforge.pmd.lang.apex.rule.complexity.ComplexityRulesTest" time="0.005"/>
  <testcase name="StdCyclomaticComplexity::1 Simple trigger" classname="net.sourceforge.pmd.lang.apex.rule.complexity.ComplexityRulesTest" time="0.005"/>
  <testcase name="StdCyclomaticComplexity::2 Simple enum" classname="net.sourceforge.pmd.lang.apex.rule.complexity.ComplexityRulesTest" time="0.009"/>
  <testcase name="StdCyclomaticComplexity::3 Simple interface" classname="net.sourceforge.pmd.lang.apex.rule.complexity.ComplexityRulesTest" time="0.003"/>
  <testcase name="StdCyclomaticComplexity::4 Complicated method" classname="net.sourceforge.pmd.lang.apex.rule.complexity.ComplexityRulesTest" time="0.006"/>
  <testcase name="StdCyclomaticComplexity::5 Constructor" classname="net.sourceforge.pmd.lang.apex.rule.complexity.ComplexityRulesTest" time="0.002"/>
  <testcase name="StdCyclomaticComplexity::6 Testing new parameter showClassesComplexity" classname="net.sourceforge.pmd.lang.apex.rule.complexity.ComplexityRulesTest" time="0.005"/>
  <testcase name="StdCyclomaticComplexity::7 Testing new parameter showMethodsMethods" classname="net.sourceforge.pmd.lang.apex.rule.complexity.ComplexityRulesTest" time="0.006"/>
  <testcase name="StdCyclomaticComplexity::8 Testing default value of showClassMethods and showClassesComplexity" classname="net.sourceforge.pmd.lang.apex.rule.complexity.ComplexityRulesTest" time="0.006"/>
  <testcase name="StdCyclomaticComplexity::9 #984 Cyclomatic complexity should treat constructors like methods: 1 - showMethodsComplexity=true" classname="net.sourceforge.pmd.lang.apex.rule.complexity.ComplexityRulesTest" time="0.004"/>
  <testcase name="StdCyclomaticComplexity::10 #984 Cyclomatic complexity should treat constructors like methods: 2 - showMethodsComplexity=false" classname="net.sourceforge.pmd.lang.apex.rule.complexity.ComplexityRulesTest" time="0.004"/>
  <testcase name="TooManyFields::0 3 fields, max is 15" classname="net.sourceforge.pmd.lang.apex.rule.complexity.ComplexityRulesTest" time="0.003"/>
  <testcase name="TooManyFields::1 3 fields, reduced max to 2" classname="net.sourceforge.pmd.lang.apex.rule.complexity.ComplexityRulesTest" time="0.002"/>
  <testcase name="TooManyFields::2 16 fields, bad" classname="net.sourceforge.pmd.lang.apex.rule.complexity.ComplexityRulesTest" time="0.003"/>
  <testcase name="TooManyFields::3 12 fields, but 6 in inner and 6 in outer" classname="net.sourceforge.pmd.lang.apex.rule.complexity.ComplexityRulesTest" time="0.004"/>
  <testcase name="TooManyFields::4 outer class, inner interface, both OK" classname="net.sourceforge.pmd.lang.apex.rule.complexity.ComplexityRulesTest" time="0.009"/>
  <testcase name="TooManyFields::5 2 inner classes, each with &gt; 10 fields" classname="net.sourceforge.pmd.lang.apex.rule.complexity.ComplexityRulesTest" time="0.027"/>
  <testcase name="TooManyFields::6 anonymous class with a field" classname="net.sourceforge.pmd.lang.apex.rule.complexity.ComplexityRulesTest" time="0.005"/>
  <testcase name="TooManyFields::7 lots of static finals, those are ok" classname="net.sourceforge.pmd.lang.apex.rule.complexity.ComplexityRulesTest" time="0.005"/>
</testsuite>