<?xml version="1.0" encoding="UTF-8"?>
<testsuite name="net.sourceforge.pmd.lang.apex.rule.performance.PerformanceRulesTest" time="0.036" tests="12" errors="0" skipped="0" failures="0">
  <properties>
    <property name="java.runtime.name" value="Java(TM) SE Runtime Environment"/>
    <property name="sun.boot.library.path" value="/Library/Java/JavaVirtualMachines/jdk1.8.0_111.jdk/Contents/Home/jre/lib"/>
    <property name="java.vm.version" value="25.111-b14"/>
    <property name="gopherProxySet" value="false"/>
    <property name="java.vm.vendor" value="Oracle Corporation"/>
    <property name="maven.multiModuleProjectDirectory" value="/Users/mchinnappan/code-scan-tools/pmd/src/pmd-master"/>
    <property name="java.vendor.url" value="http://java.oracle.com/"/>
    <property name="path.separator" value=":"/>
    <property name="guice.disable.misplaced.annotation.check" value="true"/>
    <property name="java.vm.name" value="Java HotSpot(TM) 64-Bit Server VM"/>
    <property name="file.encoding.pkg" value="sun.io"/>
    <property name="user.country" value="US"/>
    <property name="sun.java.launcher" value="SUN_STANDARD"/>
    <property name="sun.os.patch.level" value="unknown"/>
    <property name="java.vm.specification.name" value="Java Virtual Machine Specification"/>
    <property name="user.dir" value="/Users/mchinnappan/code-scan-tools/pmd/src/pmd-master"/>
    <property name="java.runtime.version" value="1.8.0_111-b14"/>
    <property name="java.awt.graphicsenv" value="sun.awt.CGraphicsEnvironment"/>
    <property name="java.endorsed.dirs" value="/Library/Java/JavaVirtualMachines/jdk1.8.0_111.jdk/Contents/Home/jre/lib/endorsed"/>
    <property name="os.arch" value="x86_64"/>
    <property name="java.io.tmpdir" value="/var/folders/k0/cdwjm16d2vx037lf06ch8fqr81jqk6/T/"/>
    <property name="line.separator" value="&#10;"/>
    <property name="java.vm.specification.vendor" value="Oracle Corporation"/>
    <property name="os.name" value="Mac OS X"/>
    <property name="classworlds.conf" value="/usr/local/Cellar/maven/3.3.9/libexec/bin/m2.conf"/>
    <property name="sun.jnu.encoding" value="UTF-8"/>
    <property name="java.library.path" value="/Users/mchinnappan/Library/Java/Extensions:/Library/Java/Extensions:/Network/Library/Java/Extensions:/System/Library/Java/Extensions:/usr/lib/java:."/>
    <property name="java.specification.name" value="Java Platform API Specification"/>
    <property name="java.class.version" value="52.0"/>
    <property name="sun.management.compiler" value="HotSpot 64-Bit Tiered Compilers"/>
    <property name="os.version" value="10.11.6"/>
    <property name="user.home" value="/Users/mchinnappan"/>
    <property name="user.timezone" value="America/New_York"/>
    <property name="java.awt.printerjob" value="sun.lwawt.macosx.CPrinterJob"/>
    <property name="java.specification.version" value="1.8"/>
    <property name="file.encoding" value="UTF-8"/>
    <property name="user.name" value="mchinnappan"/>
    <property name="java.class.path" value="/usr/local/Cellar/maven/3.3.9/libexec/boot/plexus-classworlds-2.5.2.jar"/>
    <property name="java.vm.specification.version" value="1.8"/>
    <property name="sun.arch.data.model" value="64"/>
    <property name="java.home" value="/Library/Java/JavaVirtualMachines/jdk1.8.0_111.jdk/Contents/Home/jre"/>
    <property name="sun.java.command" value="org.codehaus.plexus.classworlds.launcher.Launcher clean verify"/>
    <property name="java.specification.vendor" value="Oracle Corporation"/>
    <property name="user.language" value="en"/>
    <property name="awt.toolkit" value="sun.lwawt.macosx.LWCToolkit"/>
    <property name="java.vm.info" value="mixed mode"/>
    <property name="java.version" value="1.8.0_111"/>
    <property name="java.ext.dirs" value="/Users/mchinnappan/Library/Java/Extensions:/Library/Java/JavaVirtualMachines/jdk1.8.0_111.jdk/Contents/Home/jre/lib/ext:/Library/Java/Extensions:/Network/Library/Java/Extensions:/System/Library/Java/Extensions:/usr/lib/java"/>
    <property name="sun.boot.class.path" value="/Library/Java/JavaVirtualMachines/jdk1.8.0_111.jdk/Contents/Home/jre/lib/resources.jar:/Library/Java/JavaVirtualMachines/jdk1.8.0_111.jdk/Contents/Home/jre/lib/rt.jar:/Library/Java/JavaVirtualMachines/jdk1.8.0_111.jdk/Contents/Home/jre/lib/sunrsasign.jar:/Library/Java/JavaVirtualMachines/jdk1.8.0_111.jdk/Contents/Home/jre/lib/jsse.jar:/Library/Java/JavaVirtualMachines/jdk1.8.0_111.jdk/Contents/Home/jre/lib/jce.jar:/Library/Java/JavaVirtualMachines/jdk1.8.0_111.jdk/Contents/Home/jre/lib/charsets.jar:/Library/Java/JavaVirtualMachines/jdk1.8.0_111.jdk/Contents/Home/jre/lib/jfr.jar:/Library/Java/JavaVirtualMachines/jdk1.8.0_111.jdk/Contents/Home/jre/classes"/>
    <property name="java.vendor" value="Oracle Corporation"/>
    <property name="maven.home" value="/usr/local/Cellar/maven/3.3.9/libexec"/>
    <property name="file.separator" value="/"/>
    <property name="java.vendor.url.bug" value="http://bugreport.sun.com/bugreport/"/>
    <property name="sun.cpu.endian" value="little"/>
    <property name="sun.io.unicode.encoding" value="UnicodeBig"/>
    <property name="sun.cpu.isalist" value=""/>
  </properties>
  <testcase name="AvoidDmlStatementsInLoops::0 Problematic Dml Statement in for each" classname="net.sourceforge.pmd.lang.apex.rule.performance.PerformanceRulesTest" time="0.002"/>
  <testcase name="AvoidDmlStatementsInLoops::1 Problematic Dml Statement in for loop" classname="net.sourceforge.pmd.lang.apex.rule.performance.PerformanceRulesTest" time="0.002"/>
  <testcase name="AvoidDmlStatementsInLoops::2 Problematic Dml Statement in While loop" classname="net.sourceforge.pmd.lang.apex.rule.performance.PerformanceRulesTest" time="0.003"/>
  <testcase name="AvoidDmlStatementsInLoops::3 Problematic Dml Statement in do loop" classname="net.sourceforge.pmd.lang.apex.rule.performance.PerformanceRulesTest" time="0.003"/>
  <testcase name="AvoidDmlStatementsInLoops::4 Best Practice: Batch up data into a list and invoke your DML once on that list of data." classname="net.sourceforge.pmd.lang.apex.rule.performance.PerformanceRulesTest" time="0.002"/>
  <testcase name="AvoidSoqlInLoops::0 Problematic Soql in for each" classname="net.sourceforge.pmd.lang.apex.rule.performance.PerformanceRulesTest" time="0.003"/>
  <testcase name="AvoidSoqlInLoops::1 Problematic Soql in for loop" classname="net.sourceforge.pmd.lang.apex.rule.performance.PerformanceRulesTest" time="0.002"/>
  <testcase name="AvoidSoqlInLoops::2 Problematic Soql in While loop" classname="net.sourceforge.pmd.lang.apex.rule.performance.PerformanceRulesTest" time="0.002"/>
  <testcase name="AvoidSoqlInLoops::3 Problematic Soql in do loop" classname="net.sourceforge.pmd.lang.apex.rule.performance.PerformanceRulesTest" time="0.003"/>
  <testcase name="AvoidSoqlInLoops::4 Multiple problematic Soql expressions" classname="net.sourceforge.pmd.lang.apex.rule.performance.PerformanceRulesTest" time="0.005"/>
  <testcase name="AvoidSoqlInLoops::5 Return Soql is even ok in loop" classname="net.sourceforge.pmd.lang.apex.rule.performance.PerformanceRulesTest" time="0.003"/>
  <testcase name="AvoidSoqlInLoops::6 #29 SOQL For Loops should not throw an Avoid Soql queries inside loops issue" classname="net.sourceforge.pmd.lang.apex.rule.performance.PerformanceRulesTest" time="0.006"/>
</testsuite>