<?xml version="1.0" encoding="UTF-8"?>
<testsuite name="net.sourceforge.pmd.lang.apex.rule.style.StyleRulesTest" time="0.102" tests="42" errors="0" skipped="0" failures="0">
  <properties>
    <property name="java.runtime.name" value="Java(TM) SE Runtime Environment"/>
    <property name="sun.boot.library.path" value="/Library/Java/JavaVirtualMachines/jdk1.8.0_111.jdk/Contents/Home/jre/lib"/>
    <property name="java.vm.version" value="25.111-b14"/>
    <property name="gopherProxySet" value="false"/>
    <property name="java.vm.vendor" value="Oracle Corporation"/>
    <property name="maven.multiModuleProjectDirectory" value="/Users/mchinnappan/code-scan-tools/pmd/src/pmd-master"/>
    <property name="java.vendor.url" value="http://java.oracle.com/"/>
    <property name="path.separator" value=":"/>
    <property name="guice.disable.misplaced.annotation.check" value="true"/>
    <property name="java.vm.name" value="Java HotSpot(TM) 64-Bit Server VM"/>
    <property name="file.encoding.pkg" value="sun.io"/>
    <property name="user.country" value="US"/>
    <property name="sun.java.launcher" value="SUN_STANDARD"/>
    <property name="sun.os.patch.level" value="unknown"/>
    <property name="java.vm.specification.name" value="Java Virtual Machine Specification"/>
    <property name="user.dir" value="/Users/mchinnappan/code-scan-tools/pmd/src/pmd-master"/>
    <property name="java.runtime.version" value="1.8.0_111-b14"/>
    <property name="java.awt.graphicsenv" value="sun.awt.CGraphicsEnvironment"/>
    <property name="java.endorsed.dirs" value="/Library/Java/JavaVirtualMachines/jdk1.8.0_111.jdk/Contents/Home/jre/lib/endorsed"/>
    <property name="os.arch" value="x86_64"/>
    <property name="java.io.tmpdir" value="/var/folders/k0/cdwjm16d2vx037lf06ch8fqr81jqk6/T/"/>
    <property name="line.separator" value="&#10;"/>
    <property name="java.vm.specification.vendor" value="Oracle Corporation"/>
    <property name="os.name" value="Mac OS X"/>
    <property name="classworlds.conf" value="/usr/local/Cellar/maven/3.3.9/libexec/bin/m2.conf"/>
    <property name="sun.jnu.encoding" value="UTF-8"/>
    <property name="java.library.path" value="/Users/mchinnappan/Library/Java/Extensions:/Library/Java/Extensions:/Network/Library/Java/Extensions:/System/Library/Java/Extensions:/usr/lib/java:."/>
    <property name="java.specification.name" value="Java Platform API Specification"/>
    <property name="java.class.version" value="52.0"/>
    <property name="sun.management.compiler" value="HotSpot 64-Bit Tiered Compilers"/>
    <property name="os.version" value="10.11.6"/>
    <property name="user.home" value="/Users/mchinnappan"/>
    <property name="user.timezone" value="America/New_York"/>
    <property name="java.awt.printerjob" value="sun.lwawt.macosx.CPrinterJob"/>
    <property name="java.specification.version" value="1.8"/>
    <property name="file.encoding" value="UTF-8"/>
    <property name="user.name" value="mchinnappan"/>
    <property name="java.class.path" value="/usr/local/Cellar/maven/3.3.9/libexec/boot/plexus-classworlds-2.5.2.jar"/>
    <property name="java.vm.specification.version" value="1.8"/>
    <property name="sun.arch.data.model" value="64"/>
    <property name="java.home" value="/Library/Java/JavaVirtualMachines/jdk1.8.0_111.jdk/Contents/Home/jre"/>
    <property name="sun.java.command" value="org.codehaus.plexus.classworlds.launcher.Launcher clean verify"/>
    <property name="java.specification.vendor" value="Oracle Corporation"/>
    <property name="user.language" value="en"/>
    <property name="awt.toolkit" value="sun.lwawt.macosx.LWCToolkit"/>
    <property name="java.vm.info" value="mixed mode"/>
    <property name="java.version" value="1.8.0_111"/>
    <property name="java.ext.dirs" value="/Users/mchinnappan/Library/Java/Extensions:/Library/Java/JavaVirtualMachines/jdk1.8.0_111.jdk/Contents/Home/jre/lib/ext:/Library/Java/Extensions:/Network/Library/Java/Extensions:/System/Library/Java/Extensions:/usr/lib/java"/>
    <property name="sun.boot.class.path" value="/Library/Java/JavaVirtualMachines/jdk1.8.0_111.jdk/Contents/Home/jre/lib/resources.jar:/Library/Java/JavaVirtualMachines/jdk1.8.0_111.jdk/Contents/Home/jre/lib/rt.jar:/Library/Java/JavaVirtualMachines/jdk1.8.0_111.jdk/Contents/Home/jre/lib/sunrsasign.jar:/Library/Java/JavaVirtualMachines/jdk1.8.0_111.jdk/Contents/Home/jre/lib/jsse.jar:/Library/Java/JavaVirtualMachines/jdk1.8.0_111.jdk/Contents/Home/jre/lib/jce.jar:/Library/Java/JavaVirtualMachines/jdk1.8.0_111.jdk/Contents/Home/jre/lib/charsets.jar:/Library/Java/JavaVirtualMachines/jdk1.8.0_111.jdk/Contents/Home/jre/lib/jfr.jar:/Library/Java/JavaVirtualMachines/jdk1.8.0_111.jdk/Contents/Home/jre/classes"/>
    <property name="java.vendor" value="Oracle Corporation"/>
    <property name="maven.home" value="/usr/local/Cellar/maven/3.3.9/libexec"/>
    <property name="file.separator" value="/"/>
    <property name="java.vendor.url.bug" value="http://bugreport.sun.com/bugreport/"/>
    <property name="sun.cpu.endian" value="little"/>
    <property name="sun.io.unicode.encoding" value="UnicodeBig"/>
    <property name="sun.cpu.isalist" value=""/>
  </properties>
  <testcase name="AvoidGlobalModifier::0 Global class" classname="net.sourceforge.pmd.lang.apex.rule.style.StyleRulesTest" time="0.004"/>
  <testcase name="AvoidGlobalModifier::1 Global interface" classname="net.sourceforge.pmd.lang.apex.rule.style.StyleRulesTest" time="0.003"/>
  <testcase name="AvoidGlobalModifier::2 Global method" classname="net.sourceforge.pmd.lang.apex.rule.style.StyleRulesTest" time="0.003"/>
  <testcase name="AvoidGlobalModifier::3 Global inner interface" classname="net.sourceforge.pmd.lang.apex.rule.style.StyleRulesTest" time="0.002"/>
  <testcase name="AvoidLogicInTrigger::0 Trigger without logic" classname="net.sourceforge.pmd.lang.apex.rule.style.StyleRulesTest" time="0.002"/>
  <testcase name="AvoidLogicInTrigger::1 Trigger with logic" classname="net.sourceforge.pmd.lang.apex.rule.style.StyleRulesTest" time="0.003"/>
  <testcase name="ClassNamingConventions::0 class names should not start with lowercase character" classname="net.sourceforge.pmd.lang.apex.rule.style.StyleRulesTest" time="0.002"/>
  <testcase name="ClassNamingConventions::1 all is well" classname="net.sourceforge.pmd.lang.apex.rule.style.StyleRulesTest" time="0.001"/>
  <testcase name="MethodNamingConventions::0 method names should start with lowercase character" classname="net.sourceforge.pmd.lang.apex.rule.style.StyleRulesTest" time="0.002"/>
  <testcase name="MethodNamingConventions::1 method names should not contain underscores" classname="net.sourceforge.pmd.lang.apex.rule.style.StyleRulesTest" time="0.003"/>
  <testcase name="MethodNamingConventions::2 all is well" classname="net.sourceforge.pmd.lang.apex.rule.style.StyleRulesTest" time="0.002"/>
  <testcase name="MethodNamingConventions::3 #1343 MethodNamingConventions for overrided methods" classname="net.sourceforge.pmd.lang.apex.rule.style.StyleRulesTest" time="0.006"/>
  <testcase name="MethodNamingConventions::4 #25 Method rules should ignore Property Getter/Setter" classname="net.sourceforge.pmd.lang.apex.rule.style.StyleRulesTest" time="0.003"/>
  <testcase name="MethodNamingConventions::5 #26 Constructors should not trigger &quot;Method names should not start with capital letters&quot; issue" classname="net.sourceforge.pmd.lang.apex.rule.style.StyleRulesTest" time="0.002"/>
  <testcase name="MethodWithSameNameAsEnclosingClass::0 bad" classname="net.sourceforge.pmd.lang.apex.rule.style.StyleRulesTest" time="0.003"/>
  <testcase name="MethodWithSameNameAsEnclosingClass::1 ok" classname="net.sourceforge.pmd.lang.apex.rule.style.StyleRulesTest" time="0.001"/>
  <testcase name="MethodWithSameNameAsEnclosingClass::2 doesn&apos;t crash on interfaces" classname="net.sourceforge.pmd.lang.apex.rule.style.StyleRulesTest" time="0.002"/>
  <testcase name="VariableNamingConventions::0 member level, final statics should be all caps" classname="net.sourceforge.pmd.lang.apex.rule.style.StyleRulesTest" time="0.002"/>
  <testcase name="VariableNamingConventions::1 member level, non-finals shouldn&apos;t have underscores" classname="net.sourceforge.pmd.lang.apex.rule.style.StyleRulesTest" time="0.002"/>
  <testcase name="VariableNamingConventions::2 local level, non-finals shouldn&apos;t have underscores" classname="net.sourceforge.pmd.lang.apex.rule.style.StyleRulesTest" time="0.002"/>
  <testcase name="VariableNamingConventions::3 method level, non-finals shouldn&apos;t have underscores" classname="net.sourceforge.pmd.lang.apex.rule.style.StyleRulesTest" time="0.003"/>
  <testcase name="VariableNamingConventions::4 constructor level, non-finals shouldn&apos;t have underscores" classname="net.sourceforge.pmd.lang.apex.rule.style.StyleRulesTest" time="0.002"/>
  <testcase name="VariableNamingConventions::5 member level, variables names should start with lowercase character" classname="net.sourceforge.pmd.lang.apex.rule.style.StyleRulesTest" time="0.002"/>
  <testcase name="VariableNamingConventions::6 local level, variables names should start with lowercase character" classname="net.sourceforge.pmd.lang.apex.rule.style.StyleRulesTest" time="0.002"/>
  <testcase name="VariableNamingConventions::7 method level, variables names should start with lowercase character" classname="net.sourceforge.pmd.lang.apex.rule.style.StyleRulesTest" time="0.001"/>
  <testcase name="VariableNamingConventions::8 constructor level, variables names should start with lowercase character" classname="net.sourceforge.pmd.lang.apex.rule.style.StyleRulesTest" time="0.002"/>
  <testcase name="VariableNamingConventions::9 all is well" classname="net.sourceforge.pmd.lang.apex.rule.style.StyleRulesTest" time="0.002"/>
  <testcase name="VariableNamingConventions::10 local finals are ok" classname="net.sourceforge.pmd.lang.apex.rule.style.StyleRulesTest" time="0.001"/>
  <testcase name="VariableNamingConventions::11 serialVersionUID is OK" classname="net.sourceforge.pmd.lang.apex.rule.style.StyleRulesTest" time="0.002"/>
  <testcase name="VariableNamingConventions::12 final non-statics need not be all caps" classname="net.sourceforge.pmd.lang.apex.rule.style.StyleRulesTest" time="0.002"/>
  <testcase name="VariableNamingConventions::13 variables in inner classes should not trigger problems in parent declaration" classname="net.sourceforge.pmd.lang.apex.rule.style.StyleRulesTest" time="0.003"/>
  <testcase name="VariableNamingConventions::14 Rule property control" classname="net.sourceforge.pmd.lang.apex.rule.style.StyleRulesTest" time="0.004"/>
  <testcase name="VariableNamingConventions::15 Check prefixes" classname="net.sourceforge.pmd.lang.apex.rule.style.StyleRulesTest" time="0.003"/>
  <testcase name="VariableNamingConventions::16 Check suffixes" classname="net.sourceforge.pmd.lang.apex.rule.style.StyleRulesTest" time="0.003"/>
  <testcase name="VariableNamingConventions::17 Check members disabled" classname="net.sourceforge.pmd.lang.apex.rule.style.StyleRulesTest" time="0.003"/>
  <testcase name="VariableNamingConventions::18 Check locals disabled" classname="net.sourceforge.pmd.lang.apex.rule.style.StyleRulesTest" time="0.003"/>
  <testcase name="VariableNamingConventions::19 Check parameters disabled" classname="net.sourceforge.pmd.lang.apex.rule.style.StyleRulesTest" time="0.003"/>
  <testcase name="VariableNamingConventions::20 False - with non primitive fields (Bug 2225474)" classname="net.sourceforge.pmd.lang.apex.rule.style.StyleRulesTest" time="0.002"/>
  <testcase name="VariableNamingConventions::21 #1349 VariableNamingConventions : underscore in final but at first position ?" classname="net.sourceforge.pmd.lang.apex.rule.style.StyleRulesTest" time="0.002"/>
  <testcase name="VariableNamingConventions::22 #1399 False positive for VariableNamingConventions with annotation @interface" classname="net.sourceforge.pmd.lang.apex.rule.style.StyleRulesTest" time="0.003"/>
  <testcase name="VariableNamingConventions::23 Inner exception" classname="net.sourceforge.pmd.lang.apex.rule.style.StyleRulesTest" time="0.003"/>
  <testcase name="VariableNamingConventions::24 Exception" classname="net.sourceforge.pmd.lang.apex.rule.style.StyleRulesTest" time="0.001"/>
</testsuite>